2025-08-22 22:23:56,256 - INFO - Successfully connected to Redis.
2025-08-22 22:23:56,258 - INFO - Successfully fetched 0 klines from Redis.
2025-08-22 22:37:56,754 - INFO - Successfully connected to Redis.
2025-08-22 22:37:56,755 - INFO - Successfully fetched 0 klines from Redis.
2025-08-26 19:30:47,441 - INFO - Successfully connected to Redis.
2025-08-26 19:30:47,444 - INFO - Successfully fetched 0 klines from Redis.
2025-08-26 19:36:38,296 - INFO - Starting strategy run.
2025-08-26 19:36:38,301 - INFO - Successfully connected to Redis.
2025-08-26 19:36:38,301 - INFO - Fetching klines for BTCUSDT with interval 5m, limit 1000.
2025-08-26 19:36:38,304 - WARNING - No klines found in Redis for key klines:BTCUSDT:5m
2025-08-26 19:36:38,304 - WARNING - Could not fetch klines, stopping run.
2025-08-26 19:37:26,035 - INFO - Starting strategy run.
2025-08-26 19:37:26,040 - INFO - Successfully connected to Redis.
2025-08-26 19:37:26,040 - INFO - Fetching klines for BTCUSDT with interval 5m, limit 1000.
2025-08-26 19:37:26,040 - WARNING - No klines found in Redis for key klines:BTCUSDT:5m
2025-08-26 19:37:26,040 - WARNING - Could not fetch klines, stopping run.
2025-08-26 19:43:33,838 - INFO - Starting strategy run.
2025-08-26 19:43:33,844 - INFO - Successfully connected to Redis.
2025-08-26 19:43:33,844 - INFO - Fetching klines for BTCUSDT with interval 5m, limit 1000.
2025-08-26 19:43:33,844 - WARNING - No klines found in Redis for key klines:BTCUSDT:5m
2025-08-26 19:45:02,457 - INFO - Starting strategy run.
2025-08-26 19:45:02,463 - INFO - Successfully connected to Redis.
2025-08-26 19:45:02,464 - INFO - Fetching klines for BTCUSDT with interval 5m, limit 1000.
2025-08-26 19:55:07,134 - INFO - Successfully connected to Redis.
2025-08-26 19:55:12,399 - INFO - Fetching klines for BTCUSDT with interval 5m, limit 1000.
2025-08-26 19:56:21,069 - ERROR - Kline data missing 'timestamp' column
2025-08-26 20:00:14,485 - INFO - Starting strategy run.
2025-08-26 20:00:19,166 - INFO - Successfully connected to Redis.
2025-08-26 20:00:19,166 - INFO - Fetching klines for BTCUSDT with interval 5m, limit 1000.
2025-08-26 20:00:21,580 - ERROR - Kline data missing 'timestamp' column
